docker : #0 building with "de
sktop-linux" instance using d
ocker driver
所在位置 行:1 字符: 1
+ docker build --progress=pla
in . > build.log 2>&1
+ ~~~~~~~~~~~~~~~~~~~~~~~~~~~
~~~~~~~~~~~~~~~~~~~~~
    + CategoryInfo           
   : NotSpecified: (#0 buil  
  ding wit...g docker driv   
 er:String) [], RemoteExc    
eption
    + FullyQualifiedErrorId  
   : NativeCommandError
 

#1 [internal] load build defi
nition from Dockerfile
#1 transferring dockerfile: 3
90B done
#1 DONE 0.0s

#2 [internal] load metadata f
or docker.io/library/node:18-
alpine
#2 DONE 0.5s

#3 [internal] load .dockerign
ore
#3 transferring context: 2B d
one
#3 DONE 0.0s

#4 [ 1/10] FROM docker.io/lib
rary/node:18-alpine@sha256:8d
6421d663b4c28fd3ebc498332f249
011d118945588d0a35cb9bc4b8ca0
9d9e
#4 resolve docker.io/library/
node:18-alpine@sha256:8d6421d
663b4c28fd3ebc498332f249011d1
18945588d0a35cb9bc4b8ca09d9e 
0.0s done
#4 DONE 0.0s

#5 [internal] load build cont
ext
#5 transferring context: 1.67
kB 0.1s done
#5 DONE 0.1s

#6 [ 2/10] WORKDIR /app
#6 CACHED

#7 [ 3/10] COPY package*.json
 ./
#7 CACHED

#8 [ 4/10] COPY tsconfig.json
 ./
#8 CACHED

#9 [ 5/10] RUN npm install
#9 0.641 npm warn EBADENGINE 
Unsupported engine {
#9 0.641 npm warn EBADENGINE 
  package: '@prisma/client@7.
4.2',
#9 0.641 npm warn EBADENGINE 
  required: { node: '^20.19 |
| ^22.12 || >=24.0' },
#9 0.641 npm warn EBADENGINE 
  current: { node: 'v18.20.8'
, npm: '10.8.2' }
#9 0.641 npm warn EBADENGINE 
}
#9 0.642 npm warn EBADENGINE 
Unsupported engine {
#9 0.642 npm warn EBADENGINE 
  package: 'prisma@7.4.2',
#9 0.642 npm warn EBADENGINE 
  required: { node: '^20.19 |
| ^22.12 || >=24.0' },
#9 0.642 npm warn EBADENGINE 
  current: { node: 'v18.20.8'
, npm: '10.8.2' }
#9 0.642 npm warn EBADENGINE 
}
#9 5.633 npm error code 1
#9 5.633 npm error path /app/
node_modules/prisma
#9 5.633 npm error command fa
iled
#9 5.633 npm error command sh
 -c node scripts/preinstall-e
ntry.js
#9 5.633 npm error 鈹屸攢鈹€鈹€鈹€鈹
€鈹€鈹€鈹€鈹€鈹€鈹€鈹€鈹€鈹€鈹€鈹€鈹€鈹€鈹€
鈹€鈹€鈹€鈹€鈹€鈹€鈹€鈹€鈹€鈹€鈹€鈹€鈹€鈹€鈹
€鈹€鈹€鈹€鈹€鈹€鈹€鈹€鈹€鈹€鈹€鈹€鈹€鈹€鈹€
鈹€鈹€鈹€鈹€鈹€鈹€鈹€鈹€鈹€鈹€鈹€鈹€鈹€鈹€鈹
€鈹€鈹€鈹€鈹€鈹€鈹?#9 5.633 npm err
or 鈹?   Prisma only supports 
Node.js versions 20.19+, 22.1
2+, 24.0+.    鈹?#9 5.633 npm 
error 鈹?   Please upgrade you
r Node.js version.           
                 鈹?#9 5.633 n
pm error 鈹斺攢鈹€鈹€鈹€鈹€鈹€鈹€鈹€鈹€鈹
€鈹€鈹€鈹€鈹€鈹€鈹€鈹€鈹€鈹€鈹€鈹€鈹€鈹€鈹€
鈹€鈹€鈹€鈹€鈹€鈹€鈹€鈹€鈹€鈹€鈹€鈹€鈹€鈹€鈹
€鈹€鈹€鈹€鈹€鈹€鈹€鈹€鈹€鈹€鈹€鈹€鈹€鈹€鈹€
鈹€鈹€鈹€鈹€鈹€鈹€鈹€鈹€鈹€鈹€鈹€鈹€鈹€鈹€鈹
€鈹?#9 5.634 npm notice
#9 5.634 npm notice New major
 version of npm available! 10
.8.2 -> 11.11.0
#9 5.634 npm notice Changelog
: https://github.com/npm/cli/
releases/tag/v11.11.0
#9 5.634 npm notice To update
 run: npm install -g npm@11.1
1.0
#9 5.634 npm notice
#9 5.634 npm error A complete
 log of this run can be found
 in: /root/.npm/_logs/2026-03
-03T05_52_25_355Z-debug-0.log
#9 ERROR: process "/bin/sh -c
 npm install" did not complet
e successfully: exit code: 1
------
 > [ 5/10] RUN npm install:
5.633 npm error 鈹屸攢鈹€鈹€鈹€鈹€鈹€
鈹€鈹€鈹€鈹€鈹€鈹€鈹€鈹€鈹€鈹€鈹€鈹€鈹€鈹€鈹
€鈹€鈹€鈹€鈹€鈹€鈹€鈹€鈹€鈹€鈹€鈹€鈹€鈹€鈹€
鈹€鈹€鈹€鈹€鈹€鈹€鈹€鈹€鈹€鈹€鈹€鈹€鈹€鈹€鈹
€鈹€鈹€鈹€鈹€鈹€鈹€鈹€鈹€鈹€鈹€鈹€鈹€鈹€鈹€
鈹€鈹€鈹€鈹€鈹?5.633 npm error 鈹? 
  Prisma only supports Node.j
s versions 20.19+, 22.12+, 24
.0+.    鈹?5.633 npm error 鈹? 
  Please upgrade your Node.js
 version.                    
        鈹?5.633 npm error 鈹斺攢
鈹€鈹€鈹€鈹€鈹€鈹€鈹€鈹€鈹€鈹€鈹€鈹€鈹€鈹€鈹
€鈹€鈹€鈹€鈹€鈹€鈹€鈹€鈹€鈹€鈹€鈹€鈹€鈹€鈹€
鈹€鈹€鈹€鈹€鈹€鈹€鈹€鈹€鈹€鈹€鈹€鈹€鈹€鈹€鈹
€鈹€鈹€鈹€鈹€鈹€鈹€鈹€鈹€鈹€鈹€鈹€鈹€鈹€鈹€
鈹€鈹€鈹€鈹€鈹€鈹€鈹€鈹€鈹€鈹?5.634 npm
 notice
5.634 npm notice New major ve
rsion of npm available! 10.8.
2 -> 11.11.0
5.634 npm notice Changelog: h
ttps://github.com/npm/cli/rel
eases/tag/v11.11.0
5.634 npm notice To update ru
n: npm install -g npm@11.11.0
5.634 npm notice
5.634 npm error A complete lo
g of this run can be found in
: /root/.npm/_logs/2026-03-03
T05_52_25_355Z-debug-0.log
------
Dockerfile:9
--------------------
   7 |     
   8 |     # Install dependec
ies
   9 | >>> RUN npm install
  10 |     
  11 |     # Copy source and 
prisma config
--------------------
ERROR: failed to build: faile
d to solve: process "/bin/sh 
-c npm install" did not compl
ete successfully: exit code: 
1

View build details: docker-de
sktop://dashboard/build/deskt
op-linux/desktop-linux/voffm6
kuwi7k5hz0l12nrtmp2
